<?xml version="1.0" encoding="UTF-8"?>
<!-- Generated by org.testng.reporters.JUnitReportReporter -->
<testsuite hostname="LAPTOP-06GFGGBP" failures="0" tests="1" name="HTC.GreenKart.OrderSubmit" time="11.825" errors="0" timestamp="2024-07-16T13:23:08 IST" skipped="0">
  <testcase classname="HTC.GreenKart.OrderSubmit" name="OrderSubmitTest" time="11.825"/>
</testsuite> <!-- HTC.GreenKart.OrderSubmit -->
