<?xml version="1.0" encoding="UTF-8"?>
<!-- Generated by org.testng.reporters.JUnitReportReporter -->
<testsuite hostname="LAPTOP-06GFGGBP" failures="0" tests="1" name="HTC.GreenKart.OrderSubmit" time="17.868" errors="0" timestamp="2024-07-17T14:10:47 IST" skipped="0">
  <testcase classname="HTC.GreenKart.OrderSubmit" name="OrderSubmitTest" time="17.868"/>
</testsuite> <!-- HTC.GreenKart.OrderSubmit -->
